<?xml version="1.0" encoding="UTF-8"?>
<!-- Generated by org.testng.reporters.JUnitReportReporter -->
<testsuite hostname="2a358ceb578a56d" failures="0" tests="2" name="com.ust.tests.ThirdTests" time="0.004" errors="0" timestamp="2023-03-30T16:39:31 IST" skipped="0">
  <testcase classname="com.ust.tests.ThirdTests" name="f" time="0.003"/>
  <system-out/>
  <testcase classname="com.ust.tests.ThirdTests" name="a" time="0.001"/>
  <system-out/>
</testsuite> <!-- com.ust.tests.ThirdTests -->
